Generating new Snapshot.txt file...
Enter amounts to be stored on the given addresses.
Amounts can be given as numbers, or with suffixes Ki Mi Gi Ti Pi.
Hit Return without entering an amount to switch to another seed.
Hit return for the first address of a seed assign the remaining IOTA
and finish the process.

Remaining IOTA: 2779530283277761

Seed: WAUMMP9ULQYDXOZCCPBZWBNYIBYNCAXOYHBJLMDCQFPTPWNIVETTK9JELIKMXPPVEIYNNSZLZGIQYNBXV
  UHVSVJGOTQVTAPMLXHYNYFIVGOGMOJNJTYKIGPYLUDYFSZPLAZXJSJAS9UIBOGIGCATCYOGBCGAPOGMLWQPTVFNNBW: 213810021790597
  GFOEVFTR9ZMKGBCOQHSBBEFJLFUIVOQABPPZM9IZJHNFPOWZZ9DNDVBKWNUSUU9VCWJBC9SPABMWC9RVXRITOXEWYZ: 

Seed: CJZCDFEQDVXCACMNRODXFICEOWMVTDEWERQUHVZLXKXVSMLEBHYLEMPAD9WW9OMQ9ETXW9NDIA9JLVRQC
  CZOERDHUDKHRW9L9BBVKYRJDCFAJQAYVUXPMFRJXBVLJYKSMBF9G9GZKCKXQIHDVWNAHSEAXUEOWNGKFA9YABONXRD: 213810021790597
  ZKVNTSXCOAIYHU9OVDIKJUSIJUPMOLLSECHHBOVI9ADHYQZXCPJYJPUBFNYALRDXSYZH9CIZGFUEVTRVYFDKEDYF9B: 

Seed: DOEVFKWOUGGRNBCPYMDMDZF9LHBS9SGDKTAE9IPIVHXSKCIAVNJUHHCJDZJQUMXNMGBBFVMPEC9RIVVUX
  LTNFOHGOFLOXIVNOLBUJNPBTRAKTCTHBPHPDFIXSWVUCTOTZGIEJNLKQ9JEGXMXXGFPMDCFBSPMQGUFLDZVZDBVNS9: 213810021790597
  VWYYOZRDLUWUKZMOFLPPUKV9RXUDCUJZNBDYORISOVKBTZZEPHNBWDBPKRFUORBBNZJHICYZRSKVWWETYYFXTSQCA9: 

Seed: DAQKTMMODYYSIORS9YIMYMXTOTUCSLENXJBKAGAWWZFEZDICXVFUMRDKWYJGAYIOWSTJKAKBDRIVXYNK9
  U9IJYJRYSFTJCFN9ZURXUMPTFBMGOZWUJLQAQP9MKGYIBDY9MJBFVHJYIUXXAVYPIXHMENNNPJ9YMZNEXAAITMWLWD: 213810021790597
  NBWLHRQI9GZNISOSNUISAOJDUUOTCPE9CSCNBOB9MX9WAHLFSDKMFFWBZ9JQHWH9UWZJLRAOANNYDQZJWDBNX9Q9SX: 

Seed: ELOPVCCQVH9EHNMNBEHTCWMCSRGAHPNSRYQ9VHZLHREVQP9ZXKHTRYDPWFFHEEMUNHJJHZOVHRPJASVSX
  DIWLNCKZW9AKOBQUOAHYVJKTINUAMCACMVYQQRIWVFWTWICOIWEOOHCRKGXQPQHNFRXMFHDCFLYMDGGKCVG9WW9USD: 213810021790597
  RDFLTHVNZNFCZYNUHATVFF9WJZGNWJOPPPWQARYGXGIBWGZDO9AHMVKEAMXLXRBFYAWUOODFIAYOB9KMCFGNRDX9XW: 

Seed: EJLDDJZUHV9NWJUEIZNUDHATOJYDDGSVEGVMTNCXHWSOCDQUMHFERIS9JPNSDHBWMUHVPWWJFHNEBSZOD
  VTWZWAGBWBGIMBGOLPQPQFTSWGLMTGW9XKPJROSFZQYOJYDC9FBLBK9XBHKIHGNDIHXXLDYVLNOYREODWLXFHGZDHY: 213810021790597
  SGUP9BFMCUGHHJXPOLJIN9YRRNKNSSSNWYACDYEWZYVI9QWUJASBJZIDKPQYX9RTZCIBLAXMIYNXRDMDCDMIYWUSVZ: 

Seed: QKYNYTJNHTHHU9CWIBWSMNRAOJUFPCMNPSDQRWIBZEWRVHRTWLDKSDHZSPWCQP9UBPFLUHICIGWXTNURR
  CTDDXYAWIGBXTSMIEJXEZQEHR9JMD9DTYIRTVBHHEYNCZOAVHPARJQMINOWQTMFAUPOXG9VCEDZZPKOTXKWZSHRYFY: 213810021790597
  FAWGMNWCGVPBMUIIQONYSV9Q9UVYXVOYRLKDRKUXJPEUYSTALBKBBXUP9FOYMGPXHIDCFAKLGHYEFWEZXYTM9PZCBX: 

Seed: FXKZHEYNCETLOTJFTTW9NBYTIWFWDSI9XTVIJMUE9TIHSHVSTMAHYDN9UDASMKLIEDNPNFTM9NZH9NZXK
  BCVWINSKTKE9LNEWKWYWBVNPJ9JXAEFKQJQWCEEKK9ROSZGNGATFBRASXKZPSRBMNABMHOUUUV9CPJPEATR9SEOYKY: 213810021790597
  WXNOPFSWOOZYMEEMXCA9JNXSBNRJZZVH9TRGBOKDDELNA9TEFVVXERLUWLAVZOMFGNEW9YAAZFEEDYIKYWGUQDWFFZ: 

Seed: YSOUVHWW9KKRYXEUUMCXVAEWTRZGTBRSCPTKXNFAIRCYGZCOQWZHLIJWKOEJQWOEJIMJYRYEEZ9AUEKKL
  NTS9KHAZEQLCINJGDYOXIAWGV9VFCNADMQLCZHWT9IDJTBRGGUBYSLGJBLBTIXC9AGQPMEVMSFM9BRRTDDNTCWKUQA: 213810021790597
  KGFGY9RQFEUEACWFADSCBZE9JPAACDPXUFTKREISJFKHGUVXZORF9ANDEZPRYEMTNSRUHI9SA9ZQIFNVWJMUKNMDCW: 

Seed: 9ZG9WBDOG9ILDFPAKWGKLOTSDEBLBUJFIUBBRISEXLIZRIAOVNRYSVOCXSWOKWGJODYCUHWKIWRIQF9MO
  COSQUCCNJLTCQDQHCHTHW9BGTW9GYJEXIPLKOZVSZDJTPNXFGWPPDUNXNMVFODDANARPJRQ9NF9RBZVVCYGSR9QUVX: 213810021790597
  MEFWAFVKYG99TCFPQYVRMNZRMAZYRXEWGJLM9JTNBYH99JQBNNGYDFUEOJOEDLGQBWFX9LUZQAQEKDYDWCBLXCBOUD: 

Seed: MFNKV9KSRMZDPGGZACSXABWSSYBIMSCYGEZTFEHBXAEEHZRIPDTEBUSLMRTR99AYWWKURUYRZICKLUKCH
  CLDPDFRZHXJBEEQWZRBJLJMWSLPE9NPJFNZOLWZGXWGNOCVBWNRTHEIVXXIOGTLH9ZHHUBMYMZOVMLXFZRDLOSROSY: 213810021790597
  SODALEVYKB9PQCTWZEKVTJLNNRYPGHIUYFQNPTDTYOMRT9LCDCVIDRP9PHOYSOARCLJFPMX9F9PEJYPZCD9ACQRWPY: 

Seed: TQKCDPQESYCPTVWHM9CGN9OSFLRWTFIRSLWQSKCM9LFPDUZGDEQTASKVNULDJMZ9ENUX9NEZFYFFMSOZE
  RHXRBQHBAQJJJOZIOMPXOBPLTARREHECCLTKIMTUAMBZMVZIMFYMUYT9LGNXPZGAJYRCXKM9WDGNFMSCYMQZZQFGWD: 213810021790597
  JBMFANCVVPPOGGBSDBZOIWYLGKUNTCCDAGCOBPHPYHQUQUMGHNVLGQYHRLPKVKFMBPRPCOKSFNQBGNIMDJ9MOLJYIA: 

Seed: 9VJUTUYELPS9KFSJDHEVSTZUUFELS9HCOFMCKZRBNMGDADUUUA9LEEKMKGVEOBNKV9CBY9MNTNCHMEBIY
  9P9A9CFRLRQWBBZOKRJYP9KYEROCRXZWGIMXQZLR9MJWMCKHLTXZLBXLBRSQHYRZLIHZDGCROLQJFLEVBGWLJHXIJD: 213810021790597
  RNQBFBTTDREBXEQTPAFBTX9SGXTADDQMOWBMEWWGGFF9XVLUYJONNMSMMBOUJMBFWZLWBDAVYINDSGKGCOHESABQ9W: 

Done.
